#! /c/Source/iverilog-install/bin/vvp
:ivl_version "12.0 (devel)" "(s20150603-1110-g18392a46)";
:ivl_delay_selection "TYPICAL";
:vpi_time_precision - 12;
:vpi_module "C:\iverilog\lib\ivl\system.vpi";
:vpi_module "C:\iverilog\lib\ivl\vhdl_sys.vpi";
:vpi_module "C:\iverilog\lib\ivl\vhdl_textio.vpi";
:vpi_module "C:\iverilog\lib\ivl\v2005_math.vpi";
:vpi_module "C:\iverilog\lib\ivl\va_math.vpi";
S_0000012c4ce0b950 .scope module, "comp10tb" "comp10tb" 2 4;
 .timescale -9 -12;
v0000012c4ce0c6a0_0 .var "a", 1 0;
v0000012c4ce0c740_0 .net "aeb", 0 0, v0000012c4ce0bc70_0;  1 drivers
v0000012c4ce0c7e0_0 .net "agb", 0 0, v0000012c4ce0b570_0;  1 drivers
v0000012c4ce0c880_0 .net "alb", 0 0, v0000012c4ce0b3b0_0;  1 drivers
v0000012c4ce0c920_0 .var "b", 1 0;
L_0000012c4ce0c9c0 .part v0000012c4ce0c6a0_0, 0, 1;
L_0000012c4ce06990 .part v0000012c4ce0c920_0, 0, 1;
S_0000012c4ce0bae0 .scope module, "uut" "comp1b" 2 12, 3 22 0, S_0000012c4ce0b950;
 .timescale -9 -12;
    .port_info 0 /INPUT 1 "a";
    .port_info 1 /INPUT 1 "b";
    .port_info 2 /OUTPUT 1 "aeb";
    .port_info 3 /OUTPUT 1 "agb";
    .port_info 4 /OUTPUT 1 "alb";
v0000012c4ce07040_0 .net "a", 0 0, L_0000012c4ce0c9c0;  1 drivers
v0000012c4ce0bc70_0 .var "aeb", 0 0;
v0000012c4ce0b570_0 .var "agb", 0 0;
v0000012c4ce0b3b0_0 .var "alb", 0 0;
v0000012c4ce0c600_0 .net "b", 0 0, L_0000012c4ce06990;  1 drivers
E_0000012c4ce08540 .event anyedge, v0000012c4ce07040_0, v0000012c4ce0c600_0;
    .scope S_0000012c4ce0bae0;
T_0 ;
    %wait E_0000012c4ce08540;
    %load/vec4 v0000012c4ce07040_0;
    %load/vec4 v0000012c4ce0c600_0;
    %cmp/e;
    %jmp/0xz  T_0.0, 4;
    %pushi/vec4 1, 0, 1;
    %store/vec4 v0000012c4ce0bc70_0, 0, 1;
    %pushi/vec4 0, 0, 1;
    %store/vec4 v0000012c4ce0b570_0, 0, 1;
    %pushi/vec4 0, 0, 1;
    %store/vec4 v0000012c4ce0b3b0_0, 0, 1;
    %jmp T_0.1;
T_0.0 ;
    %load/vec4 v0000012c4ce0c600_0;
    %load/vec4 v0000012c4ce07040_0;
    %cmp/u;
    %jmp/0xz  T_0.2, 5;
    %pushi/vec4 0, 0, 1;
    %store/vec4 v0000012c4ce0bc70_0, 0, 1;
    %pushi/vec4 1, 0, 1;
    %store/vec4 v0000012c4ce0b570_0, 0, 1;
    %pushi/vec4 0, 0, 1;
    %store/vec4 v0000012c4ce0b3b0_0, 0, 1;
    %jmp T_0.3;
T_0.2 ;
    %pushi/vec4 0, 0, 1;
    %store/vec4 v0000012c4ce0bc70_0, 0, 1;
    %pushi/vec4 0, 0, 1;
    %store/vec4 v0000012c4ce0b570_0, 0, 1;
    %pushi/vec4 1, 0, 1;
    %store/vec4 v0000012c4ce0b3b0_0, 0, 1;
T_0.3 ;
T_0.1 ;
    %jmp T_0;
    .thread T_0, $push;
    .scope S_0000012c4ce0b950;
T_1 ;
    %vpi_call 2 22 "$dumpfile", "dump.vcd" {0 0 0};
    %vpi_call 2 23 "$dumpvars" {0 0 0};
    %pushi/vec4 0, 0, 2;
    %store/vec4 v0000012c4ce0c6a0_0, 0, 2;
    %pushi/vec4 0, 0, 2;
    %store/vec4 v0000012c4ce0c920_0, 0, 2;
    %delay 10000, 0;
    %pushi/vec4 3, 0, 2;
    %store/vec4 v0000012c4ce0c6a0_0, 0, 2;
    %pushi/vec4 0, 0, 2;
    %store/vec4 v0000012c4ce0c920_0, 0, 2;
    %delay 10000, 0;
    %pushi/vec4 3, 0, 2;
    %store/vec4 v0000012c4ce0c6a0_0, 0, 2;
    %pushi/vec4 3, 0, 2;
    %store/vec4 v0000012c4ce0c920_0, 0, 2;
    %delay 10000, 0;
    %pushi/vec4 0, 0, 2;
    %store/vec4 v0000012c4ce0c6a0_0, 0, 2;
    %pushi/vec4 3, 0, 2;
    %store/vec4 v0000012c4ce0c920_0, 0, 2;
    %delay 10000, 0;
    %pushi/vec4 0, 0, 2;
    %store/vec4 v0000012c4ce0c6a0_0, 0, 2;
    %pushi/vec4 0, 0, 2;
    %store/vec4 v0000012c4ce0c920_0, 0, 2;
    %delay 10000, 0;
    %end;
    .thread T_1;
    .scope S_0000012c4ce0b950;
T_2 ;
    %vpi_call 2 37 "$monitor", "a = %b, b = %b, aeb = %b, agb = %b,agb = %b ", v0000012c4ce0c6a0_0, v0000012c4ce0c920_0, v0000012c4ce0c740_0, v0000012c4ce0c7e0_0, v0000012c4ce0c880_0 {0 0 0};
    %end;
    .thread T_2;
# The file index is used to find the file name in the following table.
:file_names 4;
    "N/A";
    "<interactive>";
    "tb.v";
    "./comp1b.v";
