#! /c/Source/iverilog-install/bin/vvp
:ivl_version "12.0 (devel)" "(s20150603-1110-g18392a46)";
:ivl_delay_selection "TYPICAL";
:vpi_time_precision + 0;
:vpi_module "C:\iverilog\lib\ivl\system.vpi";
:vpi_module "C:\iverilog\lib\ivl\vhdl_sys.vpi";
:vpi_module "C:\iverilog\lib\ivl\vhdl_textio.vpi";
:vpi_module "C:\iverilog\lib\ivl\v2005_math.vpi";
:vpi_module "C:\iverilog\lib\ivl\va_math.vpi";
S_00000145bc956930 .scope module, "intmwire" "intmwire" 2 1;
 .timescale 0 0;
    .port_info 0 /INPUT 1 "a";
    .port_info 1 /INPUT 1 "b";
    .port_info 2 /INPUT 1 "c";
    .port_info 3 /OUTPUT 1 "p";
    .port_info 4 /OUTPUT 1 "q";
o00000145bcad6fa8 .functor BUFZ 1, C4<z>; HiZ drive
o00000145bcad6fd8 .functor BUFZ 1, C4<z>; HiZ drive
L_00000145bcad6aa0 .functor AND 1, o00000145bcad6fa8, o00000145bcad6fd8, C4<1>, C4<1>;
o00000145bcad7008 .functor BUFZ 1, C4<z>; HiZ drive
L_00000145bcad6d70 .functor AND 1, L_00000145bcad6aa0, o00000145bcad7008, C4<1>, C4<1>;
L_00000145bcad4740 .functor OR 1, L_00000145bcad6aa0, o00000145bcad7008, C4<0>, C4<0>;
v00000145bc957000_0 .net "a", 0 0, o00000145bcad6fa8;  0 drivers
v00000145bcad6cd0_0 .net "b", 0 0, o00000145bcad6fd8;  0 drivers
v00000145bcad6a00_0 .net "c", 0 0, o00000145bcad7008;  0 drivers
v00000145bc956ac0_0 .net "intmwire", 0 0, L_00000145bcad6aa0;  1 drivers
v00000145bc956b60_0 .net "p", 0 0, L_00000145bcad6d70;  1 drivers
v00000145bc956c00_0 .net "q", 0 0, L_00000145bcad4740;  1 drivers
# The file index is used to find the file name in the following table.
:file_names 3;
    "N/A";
    "<interactive>";
    "intmwire.v";
