#! /c/Source/iverilog-install/bin/vvp
:ivl_version "12.0 (devel)" "(s20150603-1110-g18392a46)";
:ivl_delay_selection "TYPICAL";
:vpi_time_precision + 0;
:vpi_module "C:\iverilog\lib\ivl\system.vpi";
:vpi_module "C:\iverilog\lib\ivl\vhdl_sys.vpi";
:vpi_module "C:\iverilog\lib\ivl\vhdl_textio.vpi";
:vpi_module "C:\iverilog\lib\ivl\v2005_math.vpi";
:vpi_module "C:\iverilog\lib\ivl\va_math.vpi";
S_0000014876922830 .scope module, "top_module" "top_module" 2 1;
 .timescale 0 0;
    .port_info 0 /INPUT 1 "clk";
    .port_info 1 /INPUT 1 "reset";
    .port_info 2 /INPUT 1 "button_in";
    .port_info 3 /OUTPUT 1 "led";
P_00000148769229c0 .param/l "BTN_pressed" 0 2 13, C4<1>;
P_00000148769229f8 .param/l "BTN_released" 0 2 14, C4<0>;
P_0000014876922a30 .param/l "LED_OFF" 0 2 9, C4<0>;
P_0000014876922a68 .param/l "LED_ON" 0 2 8, C4<1>;
P_0000014876922aa0 .param/l "STATE_LED_OFF" 0 2 11, C4<0>;
P_0000014876922ad8 .param/l "STATE_LED_ON" 0 2 12, C4<1>;
o0000014876956fb8 .functor BUFZ 1, C4<z>; HiZ drive
v0000014876922df0_0 .net "button_in", 0 0, o0000014876956fb8;  0 drivers
o0000014876956fe8 .functor BUFZ 1, C4<z>; HiZ drive
v000001487690bec0_0 .net "clk", 0 0, o0000014876956fe8;  0 drivers
v0000014876922b20_0 .var "led", 0 0;
v000001487699bc20_0 .var "led_status", 0 0;
o0000014876957078 .functor BUFZ 1, C4<z>; HiZ drive
v000001487699bcc0_0 .net "reset", 0 0, o0000014876957078;  0 drivers
E_0000014876956430/0 .event anyedge, v000001487699bcc0_0;
E_0000014876956430/1 .event posedge, v000001487690bec0_0;
E_0000014876956430 .event/or E_0000014876956430/0, E_0000014876956430/1;
    .scope S_0000014876922830;
T_0 ;
    %wait E_0000014876956430;
    %load/vec4 v000001487699bcc0_0;
    %flag_set/vec4 8;
    %jmp/0xz  T_0.0, 8;
    %pushi/vec4 0, 0, 1;
    %assign/vec4 v0000014876922b20_0, 0;
    %jmp T_0.1;
T_0.0 ;
    %load/vec4 v000001487699bc20_0;
    %dup/vec4;
    %pushi/vec4 1, 0, 1;
    %cmp/u;
    %jmp/1 T_0.2, 6;
    %dup/vec4;
    %pushi/vec4 0, 0, 1;
    %cmp/u;
    %jmp/1 T_0.3, 6;
    %pushi/vec4 0, 0, 1;
    %assign/vec4 v0000014876922b20_0, 0;
    %pushi/vec4 0, 0, 1;
    %assign/vec4 v000001487699bc20_0, 0;
    %jmp T_0.5;
T_0.2 ;
    %load/vec4 v0000014876922df0_0;
    %cmpi/e 0, 0, 1;
    %jmp/0xz  T_0.6, 4;
    %pushi/vec4 0, 0, 1;
    %assign/vec4 v0000014876922b20_0, 0;
    %pushi/vec4 0, 0, 1;
    %assign/vec4 v000001487699bc20_0, 0;
    %jmp T_0.7;
T_0.6 ;
    %pushi/vec4 1, 0, 1;
    %assign/vec4 v0000014876922b20_0, 0;
T_0.7 ;
    %jmp T_0.5;
T_0.3 ;
    %load/vec4 v0000014876922df0_0;
    %cmpi/e 1, 0, 1;
    %jmp/0xz  T_0.8, 4;
    %pushi/vec4 1, 0, 1;
    %assign/vec4 v0000014876922b20_0, 0;
    %pushi/vec4 1, 0, 1;
    %assign/vec4 v000001487699bc20_0, 0;
    %jmp T_0.9;
T_0.8 ;
    %pushi/vec4 0, 0, 1;
    %assign/vec4 v0000014876922b20_0, 0;
T_0.9 ;
    %jmp T_0.5;
T_0.5 ;
    %pop/vec4 1;
T_0.1 ;
    %jmp T_0;
    .thread T_0;
# The file index is used to find the file name in the following table.
:file_names 3;
    "N/A";
    "<interactive>";
    "button.v";
