#! /c/Source/iverilog-install/bin/vvp
:ivl_version "12.0 (devel)" "(s20150603-1110-g18392a46)";
:ivl_delay_selection "TYPICAL";
:vpi_time_precision - 12;
:vpi_module "C:\iverilog\lib\ivl\system.vpi";
:vpi_module "C:\iverilog\lib\ivl\vhdl_sys.vpi";
:vpi_module "C:\iverilog\lib\ivl\vhdl_textio.vpi";
:vpi_module "C:\iverilog\lib\ivl\v2005_math.vpi";
:vpi_module "C:\iverilog\lib\ivl\va_math.vpi";
S_000001a11f315d30 .scope module, "tb_top_module" "tb_top_module" 2 4;
 .timescale -9 -12;
v000001a11f327270_0 .var "button_in", 0 0;
v000001a11f327310_0 .var "clk", 0 0;
v000001a11f3273b0_0 .net "led", 0 0, v000001a11f2f2b60_0;  1 drivers
v000001a11f323b90_0 .var "reset", 0 0;
S_000001a11f315ec0 .scope module, "uut" "top_module" 2 13, 3 1 0, S_000001a11f315d30;
 .timescale -9 -12;
    .port_info 0 /INPUT 1 "clk";
    .port_info 1 /INPUT 1 "reset";
    .port_info 2 /INPUT 1 "button_in";
    .port_info 3 /OUTPUT 1 "led";
P_000001a11f326fd0 .param/l "BTN_pressed" 0 3 13, C4<1>;
P_000001a11f327008 .param/l "BTN_released" 0 3 14, C4<0>;
P_000001a11f327040 .param/l "LED_OFF" 0 3 9, C4<0>;
P_000001a11f327078 .param/l "LED_ON" 0 3 8, C4<1>;
P_000001a11f3270b0 .param/l "STATE_LED_OFF" 0 3 11, C4<0>;
P_000001a11f3270e8 .param/l "STATE_LED_ON" 0 3 12, C4<1>;
v000001a11f2f2e30_0 .net "button_in", 0 0, v000001a11f327270_0;  1 drivers
v000001a11f2f3050_0 .net "clk", 0 0, v000001a11f327310_0;  1 drivers
v000001a11f2f2b60_0 .var "led", 0 0;
v000001a11f327130_0 .var "led_status", 0 0;
v000001a11f3271d0_0 .net "reset", 0 0, v000001a11f323b90_0;  1 drivers
E_000001a11f408fa0/0 .event anyedge, v000001a11f3271d0_0;
E_000001a11f408fa0/1 .event posedge, v000001a11f2f3050_0;
E_000001a11f408fa0 .event/or E_000001a11f408fa0/0, E_000001a11f408fa0/1;
    .scope S_000001a11f315ec0;
T_0 ;
    %wait E_000001a11f408fa0;
    %load/vec4 v000001a11f3271d0_0;
    %flag_set/vec4 8;
    %jmp/0xz  T_0.0, 8;
    %pushi/vec4 0, 0, 1;
    %assign/vec4 v000001a11f2f2b60_0, 0;
    %jmp T_0.1;
T_0.0 ;
    %load/vec4 v000001a11f327130_0;
    %dup/vec4;
    %pushi/vec4 1, 0, 1;
    %cmp/u;
    %jmp/1 T_0.2, 6;
    %dup/vec4;
    %pushi/vec4 0, 0, 1;
    %cmp/u;
    %jmp/1 T_0.3, 6;
    %pushi/vec4 0, 0, 1;
    %assign/vec4 v000001a11f2f2b60_0, 0;
    %pushi/vec4 0, 0, 1;
    %assign/vec4 v000001a11f327130_0, 0;
    %jmp T_0.5;
T_0.2 ;
    %load/vec4 v000001a11f2f2e30_0;
    %cmpi/e 0, 0, 1;
    %jmp/0xz  T_0.6, 4;
    %pushi/vec4 0, 0, 1;
    %assign/vec4 v000001a11f2f2b60_0, 0;
    %pushi/vec4 0, 0, 1;
    %assign/vec4 v000001a11f327130_0, 0;
    %jmp T_0.7;
T_0.6 ;
    %pushi/vec4 1, 0, 1;
    %assign/vec4 v000001a11f2f2b60_0, 0;
T_0.7 ;
    %jmp T_0.5;
T_0.3 ;
    %load/vec4 v000001a11f2f2e30_0;
    %cmpi/e 1, 0, 1;
    %jmp/0xz  T_0.8, 4;
    %pushi/vec4 1, 0, 1;
    %assign/vec4 v000001a11f2f2b60_0, 0;
    %pushi/vec4 1, 0, 1;
    %assign/vec4 v000001a11f327130_0, 0;
    %jmp T_0.9;
T_0.8 ;
    %pushi/vec4 0, 0, 1;
    %assign/vec4 v000001a11f2f2b60_0, 0;
T_0.9 ;
    %jmp T_0.5;
T_0.5 ;
    %pop/vec4 1;
T_0.1 ;
    %jmp T_0;
    .thread T_0;
    .scope S_000001a11f315d30;
T_1 ;
    %pushi/vec4 0, 0, 1;
    %store/vec4 v000001a11f327310_0, 0, 1;
    %end;
    .thread T_1;
    .scope S_000001a11f315d30;
T_2 ;
    %delay 5000, 0;
    %load/vec4 v000001a11f327310_0;
    %inv;
    %store/vec4 v000001a11f327310_0, 0, 1;
    %jmp T_2;
    .thread T_2;
    .scope S_000001a11f315d30;
T_3 ;
    %vpi_call 2 27 "$dumpfile", "waveform.vcd" {0 0 0};
    %vpi_call 2 28 "$dumpvars", 32'sb00000000000000000000000000000000, S_000001a11f315d30 {0 0 0};
    %vpi_call 2 29 "$dumpvars", 32'sb00000000000000000000000000000001, S_000001a11f315ec0 {0 0 0};
    %vpi_call 2 32 "$display", "Time\011clk\011reset\011button_in\011led" {0 0 0};
    %vpi_call 2 33 "$monitor", "%0dns\011%b\011%b\011%b\011\011%b", $time, v000001a11f327310_0, v000001a11f323b90_0, v000001a11f327270_0, v000001a11f3273b0_0 {0 0 0};
    %pushi/vec4 1, 0, 1;
    %store/vec4 v000001a11f323b90_0, 0, 1;
    %pushi/vec4 0, 0, 1;
    %store/vec4 v000001a11f327270_0, 0, 1;
    %delay 12000, 0;
    %pushi/vec4 0, 0, 1;
    %store/vec4 v000001a11f323b90_0, 0, 1;
    %delay 10000, 0;
    %pushi/vec4 1, 0, 1;
    %store/vec4 v000001a11f327270_0, 0, 1;
    %delay 20000, 0;
    %pushi/vec4 1, 0, 1;
    %store/vec4 v000001a11f327270_0, 0, 1;
    %delay 20000, 0;
    %pushi/vec4 0, 0, 1;
    %store/vec4 v000001a11f327270_0, 0, 1;
    %delay 20000, 0;
    %pushi/vec4 1, 0, 1;
    %store/vec4 v000001a11f327270_0, 0, 1;
    %delay 15000, 0;
    %pushi/vec4 0, 0, 1;
    %store/vec4 v000001a11f327270_0, 0, 1;
    %delay 20000, 0;
    %pushi/vec4 1, 0, 1;
    %store/vec4 v000001a11f327270_0, 0, 1;
    %delay 10000, 0;
    %pushi/vec4 1, 0, 1;
    %store/vec4 v000001a11f323b90_0, 0, 1;
    %delay 10000, 0;
    %pushi/vec4 0, 0, 1;
    %store/vec4 v000001a11f323b90_0, 0, 1;
    %pushi/vec4 0, 0, 1;
    %store/vec4 v000001a11f327270_0, 0, 1;
    %delay 20000, 0;
    %pushi/vec4 1, 0, 1;
    %store/vec4 v000001a11f327270_0, 0, 1;
    %delay 5000, 0;
    %pushi/vec4 0, 0, 1;
    %store/vec4 v000001a11f327270_0, 0, 1;
    %delay 5000, 0;
    %pushi/vec4 1, 0, 1;
    %store/vec4 v000001a11f327270_0, 0, 1;
    %delay 5000, 0;
    %pushi/vec4 0, 0, 1;
    %store/vec4 v000001a11f327270_0, 0, 1;
    %delay 10000, 0;
    %vpi_call 2 82 "$finish" {0 0 0};
    %end;
    .thread T_3;
# The file index is used to find the file name in the following table.
:file_names 4;
    "N/A";
    "<interactive>";
    "tb.v";
    "./button.v";
