#! /c/Source/iverilog-install/bin/vvp
:ivl_version "12.0 (devel)" "(s20150603-1110-g18392a46)";
:ivl_delay_selection "TYPICAL";
:vpi_time_precision - 12;
:vpi_module "C:\iverilog\lib\ivl\system.vpi";
:vpi_module "C:\iverilog\lib\ivl\vhdl_sys.vpi";
:vpi_module "C:\iverilog\lib\ivl\vhdl_textio.vpi";
:vpi_module "C:\iverilog\lib\ivl\v2005_math.vpi";
:vpi_module "C:\iverilog\lib\ivl\va_math.vpi";
S_000001ef15c15c20 .scope module, "dividedby3FSM_tb" "dividedby3FSM_tb" 2 4;
 .timescale -9 -12;
v000001ef15bf2cb0_0 .var "clk", 0 0;
v000001ef15bf2d50_0 .var "reset", 0 0;
v000001ef15bf2df0_0 .net "y", 0 0, L_000001ef15bf2e90;  1 drivers
S_000001ef15c15db0 .scope module, "uut" "dividedby3FSM" 2 11, 3 1 0, S_000001ef15c15c20;
 .timescale -9 -12;
    .port_info 0 /INPUT 1 "clk";
    .port_info 1 /INPUT 1 "reset";
    .port_info 2 /OUTPUT 1 "y";
P_000001ef15c15f40 .param/l "S0" 0 3 9, C4<00>;
P_000001ef15c15f78 .param/l "S1" 0 3 9, C4<01>;
P_000001ef15c15fb0 .param/l "S2" 0 3 9, C4<10>;
L_000001ef15c70038 .functor BUFT 1, C4<000>, C4<0>, C4<0>, C4<0>;
v000001ef15bf33c0_0 .net/2u *"_ivl_0", 2 0, L_000001ef15c70038;  1 drivers
v000001ef15bdd480_0 .net "clk", 0 0, v000001ef15bf2cb0_0;  1 drivers
v000001ef15bdad10_0 .var "next_state", 2 0;
v000001ef15bf2ad0_0 .net "reset", 0 0, v000001ef15bf2d50_0;  1 drivers
v000001ef15bf2b70_0 .var "state", 2 0;
v000001ef15bf2c10_0 .net "y", 0 0, L_000001ef15bf2e90;  alias, 1 drivers
E_000001ef15bd9440 .event anyedge, v000001ef15bf2b70_0;
E_000001ef15bda1c0 .event posedge, v000001ef15bf2ad0_0, v000001ef15bdd480_0;
L_000001ef15bf2e90 .cmp/eq 3, v000001ef15bf2b70_0, L_000001ef15c70038;
    .scope S_000001ef15c15db0;
T_0 ;
    %wait E_000001ef15bda1c0;
    %load/vec4 v000001ef15bf2ad0_0;
    %flag_set/vec4 8;
    %jmp/0xz  T_0.0, 8;
    %pushi/vec4 0, 0, 3;
    %assign/vec4 v000001ef15bf2b70_0, 0;
    %jmp T_0.1;
T_0.0 ;
    %load/vec4 v000001ef15bdad10_0;
    %assign/vec4 v000001ef15bf2b70_0, 0;
T_0.1 ;
    %jmp T_0;
    .thread T_0;
    .scope S_000001ef15c15db0;
T_1 ;
    %wait E_000001ef15bd9440;
    %load/vec4 v000001ef15bf2b70_0;
    %dup/vec4;
    %pushi/vec4 0, 0, 3;
    %cmp/u;
    %jmp/1 T_1.0, 6;
    %dup/vec4;
    %pushi/vec4 1, 0, 3;
    %cmp/u;
    %jmp/1 T_1.1, 6;
    %dup/vec4;
    %pushi/vec4 2, 0, 3;
    %cmp/u;
    %jmp/1 T_1.2, 6;
    %pushi/vec4 0, 0, 3;
    %store/vec4 v000001ef15bdad10_0, 0, 3;
    %jmp T_1.4;
T_1.0 ;
    %pushi/vec4 1, 0, 3;
    %store/vec4 v000001ef15bdad10_0, 0, 3;
    %jmp T_1.4;
T_1.1 ;
    %pushi/vec4 2, 0, 3;
    %store/vec4 v000001ef15bdad10_0, 0, 3;
    %jmp T_1.4;
T_1.2 ;
    %pushi/vec4 0, 0, 3;
    %store/vec4 v000001ef15bdad10_0, 0, 3;
    %jmp T_1.4;
T_1.4 ;
    %pop/vec4 1;
    %jmp T_1;
    .thread T_1, $push;
    .scope S_000001ef15c15c20;
T_2 ;
    %pushi/vec4 0, 0, 1;
    %store/vec4 v000001ef15bf2cb0_0, 0, 1;
T_2.0 ;
    %delay 5000, 0;
    %load/vec4 v000001ef15bf2cb0_0;
    %inv;
    %store/vec4 v000001ef15bf2cb0_0, 0, 1;
    %jmp T_2.0;
    %end;
    .thread T_2;
    .scope S_000001ef15c15c20;
T_3 ;
    %vpi_call 2 25 "$dumpfile", "dump.vcd" {0 0 0};
    %vpi_call 2 28 "$dumpvars", 32'sb00000000000000000000000000000000, S_000001ef15c15c20 {0 0 0};
    %vpi_call 2 31 "$monitor", "Time = %0t | reset = %b | y = %b", $time, v000001ef15bf2d50_0, v000001ef15bf2df0_0 {0 0 0};
    %pushi/vec4 1, 0, 1;
    %store/vec4 v000001ef15bf2d50_0, 0, 1;
    %delay 10000, 0;
    %pushi/vec4 0, 0, 1;
    %store/vec4 v000001ef15bf2d50_0, 0, 1;
    %delay 100000, 0;
    %vpi_call 2 39 "$finish" {0 0 0};
    %end;
    .thread T_3;
# The file index is used to find the file name in the following table.
:file_names 4;
    "N/A";
    "<interactive>";
    "tb.v";
    "./fsm-moore.v";
