#! /c/Source/iverilog-install/bin/vvp
:ivl_version "12.0 (devel)" "(s20150603-1110-g18392a46)";
:ivl_delay_selection "TYPICAL";
:vpi_time_precision - 12;
:vpi_module "C:\iverilog\lib\ivl\system.vpi";
:vpi_module "C:\iverilog\lib\ivl\vhdl_sys.vpi";
:vpi_module "C:\iverilog\lib\ivl\vhdl_textio.vpi";
:vpi_module "C:\iverilog\lib\ivl\v2005_math.vpi";
:vpi_module "C:\iverilog\lib\ivl\va_math.vpi";
S_0000016be8438870 .scope module, "tb" "tb" 2 4;
 .timescale -9 -12;
v0000016be8436d70_0 .var "a", 0 0;
v0000016be82e5790_0 .net "nota", 0 0, v0000016be843bc60_0;  1 drivers
S_0000016be82e5600 .scope module, "uut" "mynotgate" 2 8, 3 26 0, S_0000016be8438870;
 .timescale -9 -12;
    .port_info 0 /INPUT 1 "a";
    .port_info 1 /OUTPUT 1 "nota";
v0000016be8437040_0 .net "a", 0 0, v0000016be8436d70_0;  1 drivers
v0000016be843bc60_0 .var "nota", 0 0;
E_0000016be843c630 .event anyedge, v0000016be8437040_0;
    .scope S_0000016be82e5600;
T_0 ;
    %wait E_0000016be843c630;
    %load/vec4 v0000016be8437040_0;
    %flag_set/vec4 8;
    %jmp/0xz  T_0.0, 8;
    %pushi/vec4 0, 0, 1;
    %store/vec4 v0000016be843bc60_0, 0, 1;
    %jmp T_0.1;
T_0.0 ;
    %pushi/vec4 1, 0, 1;
    %store/vec4 v0000016be843bc60_0, 0, 1;
T_0.1 ;
    %jmp T_0;
    .thread T_0, $push;
    .scope S_0000016be8438870;
T_1 ;
    %pushi/vec4 0, 0, 1;
    %store/vec4 v0000016be8436d70_0, 0, 1;
    %vpi_call 2 17 "$dumpfile", "dump.vcd" {0 0 0};
    %vpi_call 2 18 "$dumpvars", 32'sb00000000000000000000000000000000, S_0000016be8438870 {0 0 0};
    %delay 10000, 0;
    %pushi/vec4 1, 0, 1;
    %store/vec4 v0000016be8436d70_0, 0, 1;
    %delay 10000, 0;
    %pushi/vec4 0, 0, 1;
    %store/vec4 v0000016be8436d70_0, 0, 1;
    %delay 10000, 0;
    %pushi/vec4 1, 0, 1;
    %store/vec4 v0000016be8436d70_0, 0, 1;
    %delay 10000, 0;
    %pushi/vec4 0, 0, 1;
    %store/vec4 v0000016be8436d70_0, 0, 1;
    %end;
    .thread T_1;
    .scope S_0000016be8438870;
T_2 ;
    %vpi_call 2 26 "$monitor", "a=%b, not a=%b", v0000016be8436d70_0, v0000016be82e5790_0 {0 0 0};
    %end;
    .thread T_2;
# The file index is used to find the file name in the following table.
:file_names 4;
    "N/A";
    "<interactive>";
    "tb.v";
    "./mynotgate.v";
