#! /c/Source/iverilog-install/bin/vvp
:ivl_version "12.0 (devel)" "(s20150603-1110-g18392a46)";
:ivl_delay_selection "TYPICAL";
:vpi_time_precision + 0;
:vpi_module "C:\iverilog\lib\ivl\system.vpi";
:vpi_module "C:\iverilog\lib\ivl\vhdl_sys.vpi";
:vpi_module "C:\iverilog\lib\ivl\vhdl_textio.vpi";
:vpi_module "C:\iverilog\lib\ivl\v2005_math.vpi";
:vpi_module "C:\iverilog\lib\ivl\va_math.vpi";
S_000001f8c7aa6b80 .scope module, "simplemux" "simplemux" 2 1;
 .timescale 0 0;
    .port_info 0 /INPUT 4 "a";
    .port_info 1 /INPUT 4 "b";
    .port_info 2 /INPUT 1 "se";
    .port_info 3 /INPUT 1 "en";
    .port_info 4 /OUTPUT 4 "c";
v000001f8c7aa80f0_0 .net *"_ivl_0", 3 0, L_000001f8c7aae480;  1 drivers
o000001f8c7af6f88 .functor BUFZ 4, C4<zzzz>; HiZ drive
; Elide local net with no drivers, v000001f8c7aa73c0_0 name=_ivl_2
o000001f8c7af6fb8 .functor BUFZ 4, C4<zzzz>; HiZ drive
v000001f8c7aa6d10_0 .net "a", 3 0, o000001f8c7af6fb8;  0 drivers
o000001f8c7af6fe8 .functor BUFZ 4, C4<zzzz>; HiZ drive
v000001f8c7aa6db0_0 .net "b", 3 0, o000001f8c7af6fe8;  0 drivers
v000001f8c7aa6e50_0 .net "c", 3 0, L_000001f8c7aae520;  1 drivers
o000001f8c7af7048 .functor BUFZ 1, C4<z>; HiZ drive
v000001f8c7aa6ef0_0 .net "en", 0 0, o000001f8c7af7048;  0 drivers
o000001f8c7af7078 .functor BUFZ 1, C4<z>; HiZ drive
v000001f8c7aa6f90_0 .net "se", 0 0, o000001f8c7af7078;  0 drivers
L_000001f8c7aae480 .functor MUXZ 4, o000001f8c7af6fe8, o000001f8c7af6fb8, o000001f8c7af7078, C4<>;
L_000001f8c7aae520 .functor MUXZ 4, o000001f8c7af6f88, L_000001f8c7aae480, o000001f8c7af7048, C4<>;
# The file index is used to find the file name in the following table.
:file_names 3;
    "N/A";
    "<interactive>";
    "mux.v";
