#! /c/Source/iverilog-install/bin/vvp
:ivl_version "12.0 (devel)" "(s20150603-1110-g18392a46)";
:ivl_delay_selection "TYPICAL";
:vpi_time_precision + 0;
:vpi_module "C:\iverilog\lib\ivl\system.vpi";
:vpi_module "C:\iverilog\lib\ivl\vhdl_sys.vpi";
:vpi_module "C:\iverilog\lib\ivl\vhdl_textio.vpi";
:vpi_module "C:\iverilog\lib\ivl\v2005_math.vpi";
:vpi_module "C:\iverilog\lib\ivl\va_math.vpi";
S_0000014ef73a2720 .scope module, "com" "com" 2 1;
 .timescale 0 0;
    .port_info 0 /INPUT 1 "a";
    .port_info 1 /INPUT 1 "b";
    .port_info 2 /OUTPUT 1 "c";
o0000014ef73d6fd8 .functor BUFZ 1, C4<z>; HiZ drive
v0000014ef73d6f30_0 .net "a", 0 0, o0000014ef73d6fd8;  0 drivers
o0000014ef73d7008 .functor BUFZ 1, C4<z>; HiZ drive
v0000014ef73a2dd0_0 .net "b", 0 0, o0000014ef73d7008;  0 drivers
v0000014ef73a2ff0_0 .var "c", 0 0;
E_0000014ef73d4a70 .event anyedge, v0000014ef73d6f30_0, v0000014ef73a2dd0_0;
    .scope S_0000014ef73a2720;
T_0 ;
    %wait E_0000014ef73d4a70;
    %load/vec4 v0000014ef73d6f30_0;
    %load/vec4 v0000014ef73a2dd0_0;
    %cmp/e;
    %jmp/0xz  T_0.0, 4;
    %pushi/vec4 1, 0, 1;
    %store/vec4 v0000014ef73a2ff0_0, 0, 1;
    %jmp T_0.1;
T_0.0 ;
    %pushi/vec4 0, 0, 1;
    %store/vec4 v0000014ef73a2ff0_0, 0, 1;
T_0.1 ;
    %jmp T_0;
    .thread T_0, $push;
# The file index is used to find the file name in the following table.
:file_names 3;
    "N/A";
    "<interactive>";
    "compb1Behave.v";
