#! /c/Source/iverilog-install/bin/vvp
:ivl_version "12.0 (devel)" "(s20150603-1110-g18392a46)";
:ivl_delay_selection "TYPICAL";
:vpi_time_precision + 0;
:vpi_module "C:\iverilog\lib\ivl\system.vpi";
:vpi_module "C:\iverilog\lib\ivl\vhdl_sys.vpi";
:vpi_module "C:\iverilog\lib\ivl\vhdl_textio.vpi";
:vpi_module "C:\iverilog\lib\ivl\v2005_math.vpi";
:vpi_module "C:\iverilog\lib\ivl\va_math.vpi";
S_0000021372a56c60 .scope module, "mykenotgate" "mykenotgate" 2 1;
 .timescale 0 0;
    .port_info 0 /INPUT 1 "a";
    .port_info 1 /OUTPUT 1 "nota";
o0000021372a56df8 .functor BUFZ 1, C4<z>; HiZ drive
v0000021372a22df0_0 .net "a", 0 0, o0000021372a56df8;  0 drivers
v0000021372a22b40_0 .var "nota", 0 0;
E_0000021372a54cb0 .event anyedge, v0000021372a22df0_0;
    .scope S_0000021372a56c60;
T_0 ;
    %wait E_0000021372a54cb0;
    %load/vec4 v0000021372a22df0_0;
    %flag_set/vec4 8;
    %jmp/0xz  T_0.0, 8;
    %pushi/vec4 0, 0, 1;
    %store/vec4 v0000021372a22b40_0, 0, 1;
    %jmp T_0.1;
T_0.0 ;
    %pushi/vec4 1, 0, 1;
    %store/vec4 v0000021372a22b40_0, 0, 1;
T_0.1 ;
    %jmp T_0;
    .thread T_0, $push;
# The file index is used to find the file name in the following table.
:file_names 3;
    "N/A";
    "<interactive>";
    "mynotgatebehave.v";
