#! /c/Source/iverilog-install/bin/vvp
:ivl_version "12.0 (devel)" "(s20150603-1110-g18392a46)";
:ivl_delay_selection "TYPICAL";
:vpi_time_precision + 0;
:vpi_module "C:\iverilog\lib\ivl\system.vpi";
:vpi_module "C:\iverilog\lib\ivl\vhdl_sys.vpi";
:vpi_module "C:\iverilog\lib\ivl\vhdl_textio.vpi";
:vpi_module "C:\iverilog\lib\ivl\v2005_math.vpi";
:vpi_module "C:\iverilog\lib\ivl\va_math.vpi";
S_00000241bc972720 .scope module, "comp1b" "comp1b" 2 1;
 .timescale 0 0;
    .port_info 0 /INPUT 1 "a";
    .port_info 1 /INPUT 1 "b";
    .port_info 2 /OUTPUT 1 "c";
o00000241bc9a6a18 .functor BUFZ 1, C4<z>; HiZ drive
L_00000241bc972dd0 .functor NOT 1, o00000241bc9a6a18, C4<0>, C4<0>, C4<0>;
o00000241bc9a6a48 .functor BUFZ 1, C4<z>; HiZ drive
L_00000241bc95e7e0 .functor NOT 1, o00000241bc9a6a48, C4<0>, C4<0>, C4<0>;
L_00000241bc95e850 .functor AND 1, L_00000241bc972dd0, L_00000241bc95e7e0, C4<1>, C4<1>;
L_00000241bc95e8c0 .functor AND 1, o00000241bc9a6a18, o00000241bc9a6a48, C4<1>, C4<1>;
L_00000241bc95e930 .functor OR 1, L_00000241bc95e850, L_00000241bc95e8c0, C4<0>, C4<0>;
v00000241bc972ff0_0 .net *"_ivl_0", 0 0, L_00000241bc972dd0;  1 drivers
v00000241bc973210_0 .net *"_ivl_2", 0 0, L_00000241bc95e7e0;  1 drivers
v00000241bc9728b0_0 .net *"_ivl_4", 0 0, L_00000241bc95e850;  1 drivers
v00000241bc972950_0 .net *"_ivl_6", 0 0, L_00000241bc95e8c0;  1 drivers
v00000241bc9729f0_0 .net "a", 0 0, o00000241bc9a6a18;  0 drivers
v00000241bc972a90_0 .net "b", 0 0, o00000241bc9a6a48;  0 drivers
v00000241bc972b30_0 .net "c", 0 0, L_00000241bc95e930;  1 drivers
# The file index is used to find the file name in the following table.
:file_names 3;
    "N/A";
    "<interactive>";
    "onebitcomp.v";
