#! /c/Source/iverilog-install/bin/vvp
:ivl_version "12.0 (devel)" "(s20150603-1110-g18392a46)";
:ivl_delay_selection "TYPICAL";
:vpi_time_precision - 12;
:vpi_module "C:\iverilog\lib\ivl\system.vpi";
:vpi_module "C:\iverilog\lib\ivl\vhdl_sys.vpi";
:vpi_module "C:\iverilog\lib\ivl\vhdl_textio.vpi";
:vpi_module "C:\iverilog\lib\ivl\v2005_math.vpi";
:vpi_module "C:\iverilog\lib\ivl\va_math.vpi";
S_000001ed5e75be10 .scope module, "comptb" "comptb" 2 4;
 .timescale -9 -12;
v000001ed5e9a2940_0 .var "a", 0 0;
v000001ed5e9a29e0_0 .var "b", 0 0;
v000001ed5e9a2a80_0 .net "c", 0 0, L_000001ed5e9a3250;  1 drivers
S_000001ed5e75b9f0 .scope module, "uut" "comp1b" 2 9, 3 1 0, S_000001ed5e75be10;
 .timescale -9 -12;
    .port_info 0 /INPUT 1 "a";
    .port_info 1 /INPUT 1 "b";
    .port_info 2 /OUTPUT 1 "c";
L_000001ed5e75a570 .functor NOT 1, v000001ed5e9a2940_0, C4<0>, C4<0>, C4<0>;
L_000001ed5e758900 .functor NOT 1, v000001ed5e9a29e0_0, C4<0>, C4<0>, C4<0>;
L_000001ed5e75bb80 .functor AND 1, L_000001ed5e75a570, L_000001ed5e758900, C4<1>, C4<1>;
L_000001ed5e9a2e10 .functor AND 1, v000001ed5e9a2940_0, v000001ed5e9a29e0_0, C4<1>, C4<1>;
L_000001ed5e9a3250 .functor OR 1, L_000001ed5e75bb80, L_000001ed5e9a2e10, C4<0>, C4<0>;
v000001ed5e9a3030_0 .net *"_ivl_0", 0 0, L_000001ed5e75a570;  1 drivers
v000001ed5e9d5570_0 .net *"_ivl_2", 0 0, L_000001ed5e758900;  1 drivers
v000001ed5e75a4d0_0 .net *"_ivl_4", 0 0, L_000001ed5e75bb80;  1 drivers
v000001ed5e758860_0 .net *"_ivl_6", 0 0, L_000001ed5e9a2e10;  1 drivers
v000001ed5e9a2760_0 .net "a", 0 0, v000001ed5e9a2940_0;  1 drivers
v000001ed5e9a2800_0 .net "b", 0 0, v000001ed5e9a29e0_0;  1 drivers
v000001ed5e9a28a0_0 .net "c", 0 0, L_000001ed5e9a3250;  alias, 1 drivers
    .scope S_000001ed5e75be10;
T_0 ;
    %vpi_call 2 16 "$dumpfile", "dump.vcd" {0 0 0};
    %vpi_call 2 17 "$dumpvars" {0 0 0};
    %pushi/vec4 0, 0, 1;
    %store/vec4 v000001ed5e9a2940_0, 0, 1;
    %pushi/vec4 0, 0, 1;
    %store/vec4 v000001ed5e9a29e0_0, 0, 1;
    %delay 10000, 0;
    %pushi/vec4 0, 0, 1;
    %store/vec4 v000001ed5e9a2940_0, 0, 1;
    %pushi/vec4 1, 0, 1;
    %store/vec4 v000001ed5e9a29e0_0, 0, 1;
    %delay 10000, 0;
    %pushi/vec4 1, 0, 1;
    %store/vec4 v000001ed5e9a2940_0, 0, 1;
    %pushi/vec4 0, 0, 1;
    %store/vec4 v000001ed5e9a29e0_0, 0, 1;
    %delay 10000, 0;
    %pushi/vec4 1, 0, 1;
    %store/vec4 v000001ed5e9a2940_0, 0, 1;
    %pushi/vec4 1, 0, 1;
    %store/vec4 v000001ed5e9a29e0_0, 0, 1;
    %delay 10000, 0;
    %pushi/vec4 0, 0, 1;
    %store/vec4 v000001ed5e9a2940_0, 0, 1;
    %pushi/vec4 0, 0, 1;
    %store/vec4 v000001ed5e9a29e0_0, 0, 1;
    %delay 10000, 0;
    %pushi/vec4 0, 0, 1;
    %store/vec4 v000001ed5e9a2940_0, 0, 1;
    %pushi/vec4 1, 0, 1;
    %store/vec4 v000001ed5e9a29e0_0, 0, 1;
    %delay 10000, 0;
    %end;
    .thread T_0;
    .scope S_000001ed5e75be10;
T_1 ;
    %vpi_call 2 29 "$monitor", "a=%b, b=%b, c=%b", v000001ed5e9a2940_0, v000001ed5e9a29e0_0, v000001ed5e9a2a80_0 {0 0 0};
    %end;
    .thread T_1;
# The file index is used to find the file name in the following table.
:file_names 4;
    "N/A";
    "<interactive>";
    "tb1.v";
    "./onebitcomp.v";
