#! /c/Source/iverilog-install/bin/vvp
:ivl_version "12.0 (devel)" "(s20150603-1110-g18392a46)";
:ivl_delay_selection "TYPICAL";
:vpi_time_precision - 12;
:vpi_module "C:\iverilog\lib\ivl\system.vpi";
:vpi_module "C:\iverilog\lib\ivl\vhdl_sys.vpi";
:vpi_module "C:\iverilog\lib\ivl\vhdl_textio.vpi";
:vpi_module "C:\iverilog\lib\ivl\v2005_math.vpi";
:vpi_module "C:\iverilog\lib\ivl\va_math.vpi";
S_000002de456a9760 .scope module, "tb" "tb" 2 4;
 .timescale -9 -12;
v000002de45702b80_0 .var "a", 0 0;
v000002de45735830_0 .var "b", 0 0;
v000002de457358d0_0 .net "c", 0 0, v000002de45703050_0;  1 drivers
S_000002de457356a0 .scope module, "uut" "com" 2 10, 3 1 0, S_000002de456a9760;
 .timescale -9 -12;
    .port_info 0 /INPUT 1 "a";
    .port_info 1 /INPUT 1 "b";
    .port_info 2 /OUTPUT 1 "c";
v000002de45738f30_0 .net "a", 0 0, v000002de45702b80_0;  1 drivers
v000002de45702e30_0 .net "b", 0 0, v000002de45735830_0;  1 drivers
v000002de45703050_0 .var "c", 0 0;
E_000002de456ac250 .event anyedge, v000002de45738f30_0, v000002de45702e30_0;
    .scope S_000002de457356a0;
T_0 ;
    %wait E_000002de456ac250;
    %load/vec4 v000002de45738f30_0;
    %load/vec4 v000002de45702e30_0;
    %cmp/e;
    %jmp/0xz  T_0.0, 4;
    %pushi/vec4 1, 0, 1;
    %store/vec4 v000002de45703050_0, 0, 1;
    %jmp T_0.1;
T_0.0 ;
    %pushi/vec4 0, 0, 1;
    %store/vec4 v000002de45703050_0, 0, 1;
T_0.1 ;
    %jmp T_0;
    .thread T_0, $push;
    .scope S_000002de456a9760;
T_1 ;
    %pushi/vec4 0, 0, 1;
    %store/vec4 v000002de45702b80_0, 0, 1;
    %pushi/vec4 0, 0, 1;
    %store/vec4 v000002de45735830_0, 0, 1;
    %delay 10000, 0;
    %pushi/vec4 0, 0, 1;
    %store/vec4 v000002de45702b80_0, 0, 1;
    %pushi/vec4 1, 0, 1;
    %store/vec4 v000002de45735830_0, 0, 1;
    %delay 10000, 0;
    %pushi/vec4 1, 0, 1;
    %store/vec4 v000002de45702b80_0, 0, 1;
    %pushi/vec4 0, 0, 1;
    %store/vec4 v000002de45735830_0, 0, 1;
    %delay 10000, 0;
    %pushi/vec4 1, 0, 1;
    %store/vec4 v000002de45702b80_0, 0, 1;
    %pushi/vec4 1, 0, 1;
    %store/vec4 v000002de45735830_0, 0, 1;
    %delay 10000, 0;
    %pushi/vec4 0, 0, 1;
    %store/vec4 v000002de45702b80_0, 0, 1;
    %pushi/vec4 0, 0, 1;
    %store/vec4 v000002de45735830_0, 0, 1;
    %delay 10000, 0;
    %pushi/vec4 0, 0, 1;
    %store/vec4 v000002de45702b80_0, 0, 1;
    %pushi/vec4 1, 0, 1;
    %store/vec4 v000002de45735830_0, 0, 1;
    %delay 10000, 0;
    %end;
    .thread T_1;
    .scope S_000002de456a9760;
T_2 ;
    %vpi_call 2 27 "$monitor", "a=%b, b=%b, c=%b", v000002de45702b80_0, v000002de45735830_0, v000002de457358d0_0 {0 0 0};
    %end;
    .thread T_2;
# The file index is used to find the file name in the following table.
:file_names 4;
    "N/A";
    "<interactive>";
    "tbcompbehave.v";
    "./compb1Behave.v";
