#! /c/Source/iverilog-install/bin/vvp
:ivl_version "12.0 (devel)" "(s20150603-1110-g18392a46)";
:ivl_delay_selection "TYPICAL";
:vpi_time_precision + 0;
:vpi_module "C:\iverilog\lib\ivl\system.vpi";
:vpi_module "C:\iverilog\lib\ivl\vhdl_sys.vpi";
:vpi_module "C:\iverilog\lib\ivl\vhdl_textio.vpi";
:vpi_module "C:\iverilog\lib\ivl\v2005_math.vpi";
:vpi_module "C:\iverilog\lib\ivl\va_math.vpi";
S_0000027e0b7a2720 .scope module, "fulladderNb" "fulladderNb" 2 1;
 .timescale 0 0;
    .port_info 0 /INPUT 4 "a";
    .port_info 1 /INPUT 4 "b";
    .port_info 2 /INPUT 1 "cin";
    .port_info 3 /OUTPUT 4 "sum";
    .port_info 4 /OUTPUT 1 "cout";
P_0000027e0b788890 .param/l "N" 0 2 1, +C4<00000000000000000000000000000100>;
L_0000027e0b81bfa0 .functor BUFT 1, C4<0>, C4<0>, C4<0>, C4<0>;
v0000027e0b7a28b0_0 .net *"_ivl_10", 0 0, L_0000027e0b81bfa0;  1 drivers
v0000027e0b7a2950_0 .net *"_ivl_11", 4 0, L_0000027e0b7d0d40;  1 drivers
v0000027e0b7a29f0_0 .net *"_ivl_13", 4 0, L_0000027e0b7d1420;  1 drivers
L_0000027e0b81bfe8 .functor BUFT 1, C4<0000>, C4<0>, C4<0>, C4<0>;
v0000027e0b7a2a90_0 .net *"_ivl_16", 3 0, L_0000027e0b81bfe8;  1 drivers
v0000027e0b7a2b30_0 .net *"_ivl_17", 4 0, L_0000027e0b7d0fc0;  1 drivers
v0000027e0b81bc40_0 .net *"_ivl_3", 4 0, L_0000027e0b7d14c0;  1 drivers
L_0000027e0b81bf58 .functor BUFT 1, C4<0>, C4<0>, C4<0>, C4<0>;
v0000027e0b81bce0_0 .net *"_ivl_6", 0 0, L_0000027e0b81bf58;  1 drivers
v0000027e0b81bd80_0 .net *"_ivl_7", 4 0, L_0000027e0b7d1560;  1 drivers
o0000027e0b7d7158 .functor BUFZ 4, C4<zzzz>; HiZ drive
v0000027e0b81be20_0 .net "a", 3 0, o0000027e0b7d7158;  0 drivers
o0000027e0b7d7188 .functor BUFZ 4, C4<zzzz>; HiZ drive
v0000027e0b78ebf0_0 .net "b", 3 0, o0000027e0b7d7188;  0 drivers
o0000027e0b7d71b8 .functor BUFZ 1, C4<z>; HiZ drive
v0000027e0b78ec90_0 .net "cin", 0 0, o0000027e0b7d71b8;  0 drivers
v0000027e0b7d1380_0 .net "cout", 0 0, L_0000027e0b7d0c00;  1 drivers
v0000027e0b7d12e0_0 .net "sum", 3 0, L_0000027e0b7d0ca0;  1 drivers
L_0000027e0b7d0c00 .part L_0000027e0b7d0fc0, 4, 1;
L_0000027e0b7d0ca0 .part L_0000027e0b7d0fc0, 0, 4;
L_0000027e0b7d14c0 .concat [ 4 1 0 0], o0000027e0b7d7158, L_0000027e0b81bf58;
L_0000027e0b7d1560 .concat [ 4 1 0 0], o0000027e0b7d7188, L_0000027e0b81bfa0;
L_0000027e0b7d0d40 .arith/sum 5, L_0000027e0b7d14c0, L_0000027e0b7d1560;
L_0000027e0b7d1420 .concat [ 1 4 0 0], o0000027e0b7d71b8, L_0000027e0b81bfe8;
L_0000027e0b7d0fc0 .arith/sum 5, L_0000027e0b7d0d40, L_0000027e0b7d1420;
# The file index is used to find the file name in the following table.
:file_names 3;
    "N/A";
    "<interactive>";
    "fulladderNb.v";
