#! /c/Source/iverilog-install/bin/vvp
:ivl_version "12.0 (devel)" "(s20150603-1110-g18392a46)";
:ivl_delay_selection "TYPICAL";
:vpi_time_precision + 0;
:vpi_module "C:\iverilog\lib\ivl\system.vpi";
:vpi_module "C:\iverilog\lib\ivl\vhdl_sys.vpi";
:vpi_module "C:\iverilog\lib\ivl\vhdl_textio.vpi";
:vpi_module "C:\iverilog\lib\ivl\v2005_math.vpi";
:vpi_module "C:\iverilog\lib\ivl\va_math.vpi";
S_000002bf630c2720 .scope module, "fulladderNb" "fulladderNb" 2 1;
 .timescale 0 0;
    .port_info 0 /INPUT 4 "a";
    .port_info 1 /INPUT 4 "b";
    .port_info 2 /INPUT 1 "cin";
    .port_info 3 /OUTPUT 4 "sum";
    .port_info 4 /OUTPUT 1 "cout";
P_000002bf63218ad0 .param/l "N" 0 2 1, +C4<00000000000000000000000000000100>;
L_000002bf6313bfa0 .functor BUFT 1, C4<0>, C4<0>, C4<0>, C4<0>;
v000002bf630c28b0_0 .net *"_ivl_10", 0 0, L_000002bf6313bfa0;  1 drivers
v000002bf630c2950_0 .net *"_ivl_11", 4 0, L_000002bf630f1600;  1 drivers
v000002bf630c29f0_0 .net *"_ivl_13", 4 0, L_000002bf630f0ac0;  1 drivers
L_000002bf6313bfe8 .functor BUFT 1, C4<0000>, C4<0>, C4<0>, C4<0>;
v000002bf630c2a90_0 .net *"_ivl_16", 3 0, L_000002bf6313bfe8;  1 drivers
v000002bf630c2b30_0 .net *"_ivl_17", 4 0, L_000002bf630f1380;  1 drivers
v000002bf6313bc40_0 .net *"_ivl_3", 4 0, L_000002bf630f12e0;  1 drivers
L_000002bf6313bf58 .functor BUFT 1, C4<0>, C4<0>, C4<0>, C4<0>;
v000002bf6313bce0_0 .net *"_ivl_6", 0 0, L_000002bf6313bf58;  1 drivers
v000002bf6313bd80_0 .net *"_ivl_7", 4 0, L_000002bf630f08e0;  1 drivers
o000002bf630f7158 .functor BUFZ 4, C4<zzzz>; HiZ drive
v000002bf6313be20_0 .net "a", 3 0, o000002bf630f7158;  0 drivers
o000002bf630f7188 .functor BUFZ 4, C4<zzzz>; HiZ drive
v000002bf6321ebf0_0 .net "b", 3 0, o000002bf630f7188;  0 drivers
o000002bf630f71b8 .functor BUFZ 1, C4<z>; HiZ drive
v000002bf6321ec90_0 .net "cin", 0 0, o000002bf630f71b8;  0 drivers
v000002bf630f1100_0 .net "cout", 0 0, L_000002bf630f0a20;  1 drivers
v000002bf630f0c00_0 .net "sum", 3 0, L_000002bf630f0d40;  1 drivers
L_000002bf630f0a20 .part L_000002bf630f1380, 4, 1;
L_000002bf630f0d40 .part L_000002bf630f1380, 0, 4;
L_000002bf630f12e0 .concat [ 4 1 0 0], o000002bf630f7158, L_000002bf6313bf58;
L_000002bf630f08e0 .concat [ 4 1 0 0], o000002bf630f7188, L_000002bf6313bfa0;
L_000002bf630f1600 .arith/sum 5, L_000002bf630f12e0, L_000002bf630f08e0;
L_000002bf630f0ac0 .concat [ 1 4 0 0], o000002bf630f71b8, L_000002bf6313bfe8;
L_000002bf630f1380 .arith/sum 5, L_000002bf630f1600, L_000002bf630f0ac0;
# The file index is used to find the file name in the following table.
:file_names 3;
    "N/A";
    "<interactive>";
    "fulladder8b.v";
