#! /c/Source/iverilog-install/bin/vvp
:ivl_version "12.0 (devel)" "(s20150603-1110-g18392a46)";
:ivl_delay_selection "TYPICAL";
:vpi_time_precision - 12;
:vpi_module "C:\iverilog\lib\ivl\system.vpi";
:vpi_module "C:\iverilog\lib\ivl\vhdl_sys.vpi";
:vpi_module "C:\iverilog\lib\ivl\vhdl_textio.vpi";
:vpi_module "C:\iverilog\lib\ivl\v2005_math.vpi";
:vpi_module "C:\iverilog\lib\ivl\va_math.vpi";
S_00000207f103d8a0 .scope module, "comp10tb" "comp10tb" 2 4;
 .timescale -9 -12;
v00000207f103bbf0_0 .var "a", 1 0;
v00000207f103bc90_0 .net "aeb", 0 0, v00000207f1036d80_0;  1 drivers
v00000207f11f2bd0_0 .net "agb", 0 0, v00000207f103dbc0_0;  1 drivers
v00000207f11f2c70_0 .net "alb", 0 0, v00000207f103dc60_0;  1 drivers
v00000207f11f2d10_0 .var "b", 1 0;
S_00000207f103da30 .scope module, "uut" "comp1b" 2 12, 3 2 0, S_00000207f103d8a0;
 .timescale -9 -12;
    .port_info 0 /INPUT 2 "a";
    .port_info 1 /INPUT 2 "b";
    .port_info 2 /OUTPUT 1 "aeb";
    .port_info 3 /OUTPUT 1 "agb";
    .port_info 4 /OUTPUT 1 "alb";
v00000207f1037180_0 .net "a", 1 0, v00000207f103bbf0_0;  1 drivers
v00000207f1036d80_0 .var "aeb", 0 0;
v00000207f103dbc0_0 .var "agb", 0 0;
v00000207f103dc60_0 .var "alb", 0 0;
v00000207f103bb50_0 .net "b", 1 0, v00000207f11f2d10_0;  1 drivers
E_00000207f10395d0 .event anyedge, v00000207f1037180_0, v00000207f103bb50_0;
    .scope S_00000207f103da30;
T_0 ;
    %wait E_00000207f10395d0;
    %load/vec4 v00000207f1037180_0;
    %load/vec4 v00000207f103bb50_0;
    %cmp/e;
    %jmp/0xz  T_0.0, 4;
    %pushi/vec4 1, 0, 1;
    %store/vec4 v00000207f1036d80_0, 0, 1;
    %pushi/vec4 0, 0, 1;
    %store/vec4 v00000207f103dbc0_0, 0, 1;
    %pushi/vec4 0, 0, 1;
    %store/vec4 v00000207f103dc60_0, 0, 1;
    %jmp T_0.1;
T_0.0 ;
    %load/vec4 v00000207f103bb50_0;
    %load/vec4 v00000207f1037180_0;
    %cmp/u;
    %jmp/0xz  T_0.2, 5;
    %pushi/vec4 0, 0, 1;
    %store/vec4 v00000207f1036d80_0, 0, 1;
    %pushi/vec4 1, 0, 1;
    %store/vec4 v00000207f103dbc0_0, 0, 1;
    %pushi/vec4 0, 0, 1;
    %store/vec4 v00000207f103dc60_0, 0, 1;
    %jmp T_0.3;
T_0.2 ;
    %pushi/vec4 0, 0, 1;
    %store/vec4 v00000207f1036d80_0, 0, 1;
    %pushi/vec4 0, 0, 1;
    %store/vec4 v00000207f103dbc0_0, 0, 1;
    %pushi/vec4 1, 0, 1;
    %store/vec4 v00000207f103dc60_0, 0, 1;
T_0.3 ;
T_0.1 ;
    %jmp T_0;
    .thread T_0, $push;
    .scope S_00000207f103d8a0;
T_1 ;
    %vpi_call 2 22 "$dumpfile", "dump.vcd" {0 0 0};
    %vpi_call 2 23 "$dumpvars" {0 0 0};
    %pushi/vec4 0, 0, 2;
    %store/vec4 v00000207f103bbf0_0, 0, 2;
    %pushi/vec4 0, 0, 2;
    %store/vec4 v00000207f11f2d10_0, 0, 2;
    %delay 10000, 0;
    %pushi/vec4 3, 0, 2;
    %store/vec4 v00000207f103bbf0_0, 0, 2;
    %pushi/vec4 0, 0, 2;
    %store/vec4 v00000207f11f2d10_0, 0, 2;
    %delay 10000, 0;
    %end;
    .thread T_1;
    .scope S_00000207f103d8a0;
T_2 ;
    %vpi_call 2 35 "$monitor", "a = %b, b = %b, aeb = %b, agb = %b,agb = %b ", v00000207f103bbf0_0, v00000207f11f2d10_0, v00000207f103bc90_0, v00000207f11f2bd0_0, v00000207f11f2c70_0 {0 0 0};
    %end;
    .thread T_2;
# The file index is used to find the file name in the following table.
:file_names 4;
    "N/A";
    "<interactive>";
    "tb.v";
    "./comp1b.v";
